#
# There is insufficient memory for the Java Runtime Environment to continue.
# Native memory allocation (mmap) failed to map 42991616 bytes for committing reserved memory.
# Possible reasons:
#   The system is out of physical RAM or swap space
#   In 32 bit mode, the process size limit was hit
# Possible solutions:
#   Reduce memory load on the system
#   Increase physical memory or swap space
#   Check if swap backing store is full
#   Use 64 bit Java on a 64 bit OS
#   Decrease Java heap size (-Xmx/-Xms)
#   Decrease number of Java threads
#   Decrease Java thread stack sizes (-Xss)
#   Set larger code cache with -XX:ReservedCodeCacheSize=
# This output file may be truncated or incomplete.
#
#  Out of Memory Error (os_linux.cpp:2673), pid=7825, tid=139725690959616
#
# JRE version: Java(TM) SE Runtime Environment (8.0_45-b14) (build 1.8.0_45-b14)
# Java VM: Java HotSpot(TM) 64-Bit Server VM (25.45-b02 mixed mode linux-amd64 compressed oops)
# Failed to write core dump. Core dumps have been disabled. To enable core dumping, try "ulimit -c unlimited" before starting Java again
#

---------------  T H R E A D  ---------------

Current thread (0x00007f1468076800):  VMThread [stack: 0x00007f146c1cf000,0x00007f146c2d0000] [id=7835]

Stack: [0x00007f146c1cf000,0x00007f146c2d0000],  sp=0x00007f146c2ce0a0,  free space=1020k
Native frames: (J=compiled Java code, j=interpreted, Vv=VM code, C=native code)
V  [libjvm.so+0xaac99a]  VMError::report_and_die()+0x2ba
V  [libjvm.so+0x4f333b]  report_vm_out_of_memory(char const*, int, unsigned long, VMErrorType, char const*)+0x8b
V  [libjvm.so+0x90e7c3]  os::Linux::commit_memory_impl(char*, unsigned long, bool)+0x103
V  [libjvm.so+0x90ed19]  os::pd_commit_memory(char*, unsigned long, unsigned long, bool)+0x29
V  [libjvm.so+0x90867a]  os::commit_memory(char*, unsigned long, unsigned long, bool)+0x2a
V  [libjvm.so+0x97bac3]  PSVirtualSpace::expand_by(unsigned long)+0x53
V  [libjvm.so+0x97cec8]  PSYoungGen::resize_generation(unsigned long, unsigned long)+0xf8
V  [libjvm.so+0x97c022]  PSYoungGen::resize(unsigned long, unsigned long)+0x22
V  [libjvm.so+0x9792fb]  PSScavenge::invoke_no_policy()+0xf7b
V  [libjvm.so+0x979a81]  PSScavenge::invoke()+0x41
V  [libjvm.so+0x932050]  ParallelScavengeHeap::failed_mem_allocate(unsigned long)+0x70
V  [libjvm.so+0xaae1d7]  VM_ParallelGCFailedAllocation::doit()+0x97
V  [libjvm.so+0xab59c5]  VM_Operation::evaluate()+0x55
V  [libjvm.so+0xab3d9a]  VMThread::evaluate_operation(VM_Operation*)+0xba
V  [libjvm.so+0xab411e]  VMThread::loop()+0x1ce
V  [libjvm.so+0xab4590]  VMThread::run()+0x70
V  [libjvm.so+0x910de8]  java_start(Thread*)+0x108

VM_Operation (0x00007f14713081b0): ParallelGCFailedAllocation, mode: safepoint, requested by thread 0x00007f1468008800


---------------  P R O C E S S  ---------------

Java Threads: ( => current thread )
  0x00007f14680be800 JavaThread "Service Thread" daemon [_thread_blocked, id=7842, stack(0x00007f1458871000,0x00007f1458972000)]
  0x00007f14680b9800 JavaThread "C1 CompilerThread2" daemon [_thread_blocked, id=7841, stack(0x00007f1458972000,0x00007f1458a73000)]
  0x00007f14680b7800 JavaThread "C2 CompilerThread1" daemon [_thread_blocked, id=7840, stack(0x00007f1458a73000,0x00007f1458b74000)]
  0x00007f14680b4800 JavaThread "C2 CompilerThread0" daemon [_thread_blocked, id=7839, stack(0x00007f1458b74000,0x00007f1458c75000)]
  0x00007f14680b3800 JavaThread "Signal Dispatcher" daemon [_thread_blocked, id=7838, stack(0x00007f1458c75000,0x00007f1458d76000)]
  0x00007f146807d800 JavaThread "Finalizer" daemon [_thread_blocked, id=7837, stack(0x00007f1458eff000,0x00007f1459000000)]
  0x00007f146807b800 JavaThread "Reference Handler" daemon [_thread_blocked, id=7836, stack(0x00007f146c0ce000,0x00007f146c1cf000)]
  0x00007f1468008800 JavaThread "main" [_thread_blocked, id=7830, stack(0x00007f1471209000,0x00007f147130a000)]

Other Threads:
=>0x00007f1468076800 VMThread [stack: 0x00007f146c1cf000,0x00007f146c2d0000] [id=7835]
  0x00007f14680c1000 WatcherThread [stack: 0x00007f1458770000,0x00007f1458871000] [id=7843]

VM state:at safepoint (normal execution)

VM Mutex/Monitor currently owned by a thread:  ([mutex/lock_event])
[0x00007f14680063a0] Threads_lock - owner thread: 0x00007f1468076800
[0x00007f14680068a0] Heap_lock - owner thread: 0x00007f1468008800

Heap:
 PSYoungGen      total 34304K, used 2560K [0x00000000eab00000, 0x00000000ecf00000, 0x0000000100000000)
  eden space 31744K, 0% used [0x00000000eab00000,0x00000000eab00000,0x00000000eca00000)
  from space 2560K, 100% used [0x00000000eca00000,0x00000000ecc80000,0x00000000ecc80000)
  to   space 2560K, 0% used [0x00000000ecc80000,0x00000000ecc80000,0x00000000ecf00000)
 ParOldGen       total 42496K, used 14219K [0x00000000c0000000, 0x00000000c2980000, 0x00000000eab00000)
  object space 42496K, 33% used [0x00000000c0000000,0x00000000c0de2fd8,0x00000000c2980000)
 Metaspace       used 6021K, capacity 7216K, committed 7296K, reserved 1056768K
  class space    used 557K, capacity 616K, committed 640K, reserved 1048576K

Card table byte_map: [0x00007f146e45b000,0x00007f146e65c000] byte_map_base: 0x00007f146de5b000

Marking Bits: (ParMarkBitMap*) 0x00007f1470728760
 Begin Bits: [0x00007f1452000000, 0x00007f1453000000)
 End Bits:   [0x00007f1453000000, 0x00007f1454000000)

Polling page: 0x00007f147134b000

CodeCache: size=245760Kb used=7371Kb max_used=7382Kb free=238389Kb
 bounds [0x00007f1459000000, 0x00007f1459740000, 0x00007f1468000000]
 total_blobs=2024 nmethods=1760 adapters=178
 compilation: enabled

Compilation events (10 events):
Event: 10.703 Thread 0x00007f14680b9800 1785       3       com.android.dx.dex.file.ProtoIdItem::<init> (60 bytes)
Event: 10.703 Thread 0x00007f14680b9800 nmethod 1785 0x00007f145972a890 code [0x00007f145972aa60, 0x00007f145972b248]
Event: 10.703 Thread 0x00007f14680b9800 1786       3       com.android.dx.dex.file.TypeListItem::<init> (21 bytes)
Event: 10.703 Thread 0x00007f14680b9800 nmethod 1786 0x00007f145972e990 code [0x00007f145972eb00, 0x00007f145972ed98]
Event: 10.704 Thread 0x00007f14680b9800 1787       3       java.lang.StringBuilder::<init> (6 bytes)
Event: 10.704 Thread 0x00007f14680b9800 nmethod 1787 0x00007f145972a350 code [0x00007f145972a4c0, 0x00007f145972a770]
Event: 10.705 Thread 0x00007f14680b9800 1789       3       com.android.dx.dex.file.ProtoIdItem::makeShortForm (74 bytes)
Event: 10.705 Thread 0x00007f14680b4800 nmethod 1772 0x00007f145973add0 code [0x00007f145973af60, 0x00007f145973b438]
Event: 10.705 Thread 0x00007f14680b4800 1779       4       com.android.dx.dex.file.Section::throwIfPrepared (18 bytes)
Event: 10.707 Thread 0x00007f14680b4800 nmethod 1779 0x00007f145970f090 code [0x00007f145970f1e0, 0x00007f145970f258]

GC Heap History (9 events):
Event: 1.914 GC heap before
{Heap before GC invocations=1 (full 0):
 PSYoungGen      total 18432K, used 15872K [0x00000000eab00000, 0x00000000ebf80000, 0x0000000100000000)
  eden space 15872K, 100% used [0x00000000eab00000,0x00000000eba80000,0x00000000eba80000)
  from space 2560K, 0% used [0x00000000ebd00000,0x00000000ebd00000,0x00000000ebf80000)
  to   space 2560K, 0% used [0x00000000eba80000,0x00000000eba80000,0x00000000ebd00000)
 ParOldGen       total 42496K, used 0K [0x00000000c0000000, 0x00000000c2980000, 0x00000000eab00000)
  object space 42496K, 0% used [0x00000000c0000000,0x00000000c0000000,0x00000000c2980000)
 Metaspace       used 5493K, capacity 6768K, committed 7040K, reserved 1056768K
  class space    used 549K, capacity 616K, committed 640K, reserved 1048576K
Event: 1.920 GC heap after
Heap after GC invocations=1 (full 0):
 PSYoungGen      total 18432K, used 2551K [0x00000000eab00000, 0x00000000ebf80000, 0x0000000100000000)
  eden space 15872K, 0% used [0x00000000eab00000,0x00000000eab00000,0x00000000eba80000)
  from space 2560K, 99% used [0x00000000eba80000,0x00000000ebcfdc78,0x00000000ebd00000)
  to   space 2560K, 0% used [0x00000000ebd00000,0x00000000ebd00000,0x00000000ebf80000)
 ParOldGen       total 42496K, used 1504K [0x00000000c0000000, 0x00000000c2980000, 0x00000000eab00000)
  object space 42496K, 3% used [0x00000000c0000000,0x00000000c01782f0,0x00000000c2980000)
 Metaspace       used 5493K, capacity 6768K, committed 7040K, reserved 1056768K
  class space    used 549K, capacity 616K, committed 640K, reserved 1048576K
}
Event: 4.432 GC heap before
{Heap before GC invocations=2 (full 0):
 PSYoungGen      total 18432K, used 18423K [0x00000000eab00000, 0x00000000ebf80000, 0x0000000100000000)
  eden space 15872K, 100% used [0x00000000eab00000,0x00000000eba80000,0x00000000eba80000)
  from space 2560K, 99% used [0x00000000eba80000,0x00000000ebcfdc78,0x00000000ebd00000)
  to   space 2560K, 0% used [0x00000000ebd00000,0x00000000ebd00000,0x00000000ebf80000)
 ParOldGen       total 42496K, used 1504K [0x00000000c0000000, 0x00000000c2980000, 0x00000000eab00000)
  object space 42496K, 3% used [0x00000000c0000000,0x00000000c01782f0,0x00000000c2980000)
 Metaspace       used 5706K, capacity 6960K, committed 7040K, reserved 1056768K
  class space    used 550K, capacity 616K, committed 640K, reserved 1048576K
Event: 5.098 GC heap after
Heap after GC invocations=2 (full 0):
 PSYoungGen      total 18432K, used 2560K [0x00000000eab00000, 0x00000000ecf00000, 0x0000000100000000)
  eden space 15872K, 0% used [0x00000000eab00000,0x00000000eab00000,0x00000000eba80000)
  from space 2560K, 100% used [0x00000000ebd00000,0x00000000ebf80000,0x00000000ebf80000)
  to   space 2560K, 0% used [0x00000000eba80000,0x00000000eba80000,0x00000000ebd00000)
 ParOldGen       total 42496K, used 3886K [0x00000000c0000000, 0x00000000c2980000, 0x00000000eab00000)
  object space 42496K, 9% used [0x00000000c0000000,0x00000000c03cb8d0,0x00000000c2980000)
 Metaspace       used 5706K, capacity 6960K, committed 7040K, reserved 1056768K
  class space    used 550K, capacity 616K, committed 640K, reserved 1048576K
}
Event: 6.661 GC heap before
{Heap before GC invocations=3 (full 0):
 PSYoungGen      total 18432K, used 18432K [0x00000000eab00000, 0x00000000ecf00000, 0x0000000100000000)
  eden space 15872K, 100% used [0x00000000eab00000,0x00000000eba80000,0x00000000eba80000)
  from space 2560K, 100% used [0x00000000ebd00000,0x00000000ebf80000,0x00000000ebf80000)
  to   space 2560K, 0% used [0x00000000eba80000,0x00000000eba80000,0x00000000ebd00000)
 ParOldGen       total 42496K, used 3886K [0x00000000c0000000, 0x00000000c2980000, 0x00000000eab00000)
  object space 42496K, 9% used [0x00000000c0000000,0x00000000c03cb8d0,0x00000000c2980000)
 Metaspace       used 5823K, capacity 7024K, committed 7296K, reserved 1056768K
  class space    used 551K, capacity 616K, committed 640K, reserved 1048576K
Event: 6.671 GC heap after
Heap after GC invocations=3 (full 0):
 PSYoungGen      total 18432K, used 2544K [0x00000000eab00000, 0x00000000ecf00000, 0x0000000100000000)
  eden space 15872K, 0% used [0x00000000eab00000,0x00000000eab00000,0x00000000eba80000)
  from space 2560K, 99% used [0x00000000eba80000,0x00000000ebcfc010,0x00000000ebd00000)
  to   space 2560K, 0% used [0x00000000ecc80000,0x00000000ecc80000,0x00000000ecf00000)
 ParOldGen       total 42496K, used 6439K [0x00000000c0000000, 0x00000000c2980000, 0x00000000eab00000)
  object space 42496K, 15% used [0x00000000c0000000,0x00000000c0649dd0,0x00000000c2980000)
 Metaspace       used 5823K, capacity 7024K, committed 7296K, reserved 1056768K
  class space    used 551K, capacity 616K, committed 640K, reserved 1048576K
}
Event: 7.005 GC heap before
{Heap before GC invocations=4 (full 0):
 PSYoungGen      total 18432K, used 18416K [0x00000000eab00000, 0x00000000ecf00000, 0x0000000100000000)
  eden space 15872K, 100% used [0x00000000eab00000,0x00000000eba80000,0x00000000eba80000)
  from space 2560K, 99% used [0x00000000eba80000,0x00000000ebcfc010,0x00000000ebd00000)
  to   space 2560K, 0% used [0x00000000ecc80000,0x00000000ecc80000,0x00000000ecf00000)
 ParOldGen       total 42496K, used 6439K [0x00000000c0000000, 0x00000000c2980000, 0x00000000eab00000)
  object space 42496K, 15% used [0x00000000c0000000,0x00000000c0649dd0,0x00000000c2980000)
 Metaspace       used 5857K, capacity 7088K, committed 7296K, reserved 1056768K
  class space    used 551K, capacity 616K, committed 640K, reserved 1048576K
Event: 7.018 GC heap after
Heap after GC invocations=4 (full 0):
 PSYoungGen      total 34304K, used 2560K [0x00000000eab00000, 0x00000000ecf00000, 0x0000000100000000)
  eden space 31744K, 0% used [0x00000000eab00000,0x00000000eab00000,0x00000000eca00000)
  from space 2560K, 100% used [0x00000000ecc80000,0x00000000ecf00000,0x00000000ecf00000)
  to   space 2560K, 0% used [0x00000000eca00000,0x00000000eca00000,0x00000000ecc80000)
 ParOldGen       total 42496K, used 9080K [0x00000000c0000000, 0x00000000c2980000, 0x00000000eab00000)
  object space 42496K, 21% used [0x00000000c0000000,0x00000000c08de070,0x00000000c2980000)
 Metaspace       used 5857K, capacity 7088K, committed 7296K, reserved 1056768K
  class space    used 551K, capacity 616K, committed 640K, reserved 1048576K
}
Event: 10.707 GC heap before
{Heap before GC invocations=5 (full 0):
 PSYoungGen      total 34304K, used 34304K [0x00000000eab00000, 0x00000000ecf00000, 0x0000000100000000)
  eden space 31744K, 100% used [0x00000000eab00000,0x00000000eca00000,0x00000000eca00000)
  from space 2560K, 100% used [0x00000000ecc80000,0x00000000ecf00000,0x00000000ecf00000)
  to   space 2560K, 0% used [0x00000000eca00000,0x00000000eca00000,0x00000000ecc80000)
 ParOldGen       total 42496K, used 9080K [0x00000000c0000000, 0x00000000c2980000, 0x00000000eab00000)
  object space 42496K, 21% used [0x00000000c0000000,0x00000000c08de070,0x00000000c2980000)
 Metaspace       used 6021K, capacity 7216K, committed 7296K, reserved 1056768K
  class space    used 557K, capacity 616K, committed 640K, reserved 1048576K

Deoptimization events (10 events):
Event: 10.388 Thread 0x00007f1468008800 Uncommon trap: reason=bimorphic action=maybe_recompile pc=0x00007f1459267f3c method=java.util.HashMap.getNode(ILjava/lang/Object;)Ljava/util/HashMap$Node; @ 126
Event: 10.388 Thread 0x00007f1468008800 Uncommon trap: reason=bimorphic action=maybe_recompile pc=0x00007f145922ae9c method=java.util.HashMap.getNode(ILjava/lang/Object;)Ljava/util/HashMap$Node; @ 126
Event: 10.391 Thread 0x00007f1468008800 Uncommon trap: reason=class_check action=maybe_recompile pc=0x00007f1459565a24 method=java.util.HashMap.putVal(ILjava/lang/Object;Ljava/lang/Object;ZZ)Ljava/lang/Object; @ 203
Event: 10.391 Thread 0x00007f1468008800 Uncommon trap: reason=class_check action=maybe_recompile pc=0x00007f1459565a24 method=java.util.HashMap.putVal(ILjava/lang/Object;Ljava/lang/Object;ZZ)Ljava/lang/Object; @ 203
Event: 10.391 Thread 0x00007f1468008800 Uncommon trap: reason=class_check action=maybe_recompile pc=0x00007f1459565a24 method=java.util.HashMap.putVal(ILjava/lang/Object;Ljava/lang/Object;ZZ)Ljava/lang/Object; @ 203
Event: 10.391 Thread 0x00007f1468008800 Uncommon trap: reason=class_check action=maybe_recompile pc=0x00007f1459565a24 method=java.util.HashMap.putVal(ILjava/lang/Object;Ljava/lang/Object;ZZ)Ljava/lang/Object; @ 203
Event: 10.543 Thread 0x00007f1468008800 Uncommon trap: reason=bimorphic action=maybe_recompile pc=0x00007f14597131f8 method=java.util.HashMap.putVal(ILjava/lang/Object;Ljava/lang/Object;ZZ)Ljava/lang/Object; @ 203
Event: 10.543 Thread 0x00007f1468008800 Uncommon trap: reason=bimorphic action=maybe_recompile pc=0x00007f14597131f8 method=java.util.HashMap.putVal(ILjava/lang/Object;Ljava/lang/Object;ZZ)Ljava/lang/Object; @ 203
Event: 10.543 Thread 0x00007f1468008800 Uncommon trap: reason=bimorphic action=maybe_recompile pc=0x00007f14597131f8 method=java.util.HashMap.putVal(ILjava/lang/Object;Ljava/lang/Object;ZZ)Ljava/lang/Object; @ 203
Event: 10.543 Thread 0x00007f1468008800 Uncommon trap: reason=bimorphic action=maybe_recompile pc=0x00007f14597131f8 method=java.util.HashMap.putVal(ILjava/lang/Object;Ljava/lang/Object;ZZ)Ljava/lang/Object; @ 203

Internal exceptions (3 events):
Event: 0.282 Thread 0x00007f1468008800 Exception <a 'java/lang/NoSuchMethodError': Method sun.misc.Unsafe.defineClass(Ljava/lang/String;[BII)Ljava/lang/Class; name or signature does not match> (0x00000000eab12a28) thrown at [/RE-WORK/workspace/8-2-build-linux-amd64/jdk8u45/3457/hotspot/src/sha
Event: 0.282 Thread 0x00007f1468008800 Exception <a 'java/lang/NoSuchMethodError': Method sun.misc.Unsafe.prefetchRead(Ljava/lang/Object;J)V name or signature does not match> (0x00000000eab12cb8) thrown at [/RE-WORK/workspace/8-2-build-linux-amd64/jdk8u45/3457/hotspot/src/share/vm/prims/jni.cp
Event: 2.178 Thread 0x00007f1468008800 Implicit null exception at 0x00007f1459332762 to 0x00007f1459332853

Events (10 events):
Event: 10.543 Thread 0x00007f1468008800 DEOPT PACKING pc=0x00007f14597131f8 sp=0x00007f14713081d0
Event: 10.543 Thread 0x00007f1468008800 DEOPT UNPACKING pc=0x00007f1459005229 sp=0x00007f1471308178 mode 2
Event: 10.543 Thread 0x00007f1468008800 Uncommon trap: trap_request=0xffffffc6 fr.pc=0x00007f14597131f8
Event: 10.543 Thread 0x00007f1468008800 DEOPT PACKING pc=0x00007f14597131f8 sp=0x00007f14713081d0
Event: 10.543 Thread 0x00007f1468008800 DEOPT UNPACKING pc=0x00007f1459005229 sp=0x00007f1471308178 mode 2
Event: 10.565 Thread 0x00007f1468008800 DEOPT PACKING pc=0x00007f14593eef40 sp=0x00007f14713082b0
Event: 10.565 Thread 0x00007f1468008800 DEOPT UNPACKING pc=0x00007f1459047633 sp=0x00007f1471308028 mode 0
Event: 10.572 loading class com/android/dx/dex/file/ProtoIdItem
Event: 10.572 loading class com/android/dx/dex/file/ProtoIdItem done
Event: 10.707 Executing VM operation: ParallelGCFailedAllocation


Dynamic libraries:
00400000-00401000 r-xp 00000000 08:03 755091                             /usr/lib/jvm/java-8-jdk/jre/bin/java
00600000-00601000 rw-p 00000000 08:03 755091                             /usr/lib/jvm/java-8-jdk/jre/bin/java
01d86000-01da7000 rw-p 00000000 00:00 0                                  [heap]
c0000000-c2980000 rw-p 00000000 00:00 0 
c2980000-eab00000 ---p 00000000 00:00 0 
eab00000-ecf00000 rw-p 00000000 00:00 0 
ef800000-100000000 ---p 00000000 00:00 0 
100000000-1000a0000 rw-p 00000000 00:00 0 
1000a0000-140000000 ---p 00000000 00:00 0 
7f141c000000-7f141c021000 rw-p 00000000 00:00 0 
7f141c021000-7f1420000000 ---p 00000000 00:00 0 
7f1420000000-7f1420021000 rw-p 00000000 00:00 0 
7f1420021000-7f1424000000 ---p 00000000 00:00 0 
7f1424000000-7f1425e53000 rw-p 00000000 00:00 0 
7f1425e53000-7f1428000000 ---p 00000000 00:00 0 
7f1428000000-7f14286d8000 rw-p 00000000 00:00 0 
7f14286d8000-7f142c000000 ---p 00000000 00:00 0 
7f142c000000-7f142c021000 rw-p 00000000 00:00 0 
7f142c021000-7f1430000000 ---p 00000000 00:00 0 
7f1430000000-7f14308b9000 rw-p 00000000 00:00 0 
7f14308b9000-7f1434000000 ---p 00000000 00:00 0 
7f1434000000-7f1434021000 rw-p 00000000 00:00 0 
7f1434021000-7f1438000000 ---p 00000000 00:00 0 
7f1438000000-7f1438021000 rw-p 00000000 00:00 0 
7f1438021000-7f143c000000 ---p 00000000 00:00 0 
7f143c000000-7f143c021000 rw-p 00000000 00:00 0 
7f143c021000-7f1440000000 ---p 00000000 00:00 0 
7f1440000000-7f144028a000 rw-p 00000000 00:00 0 
7f144028a000-7f1444000000 ---p 00000000 00:00 0 
7f1444000000-7f1444021000 rw-p 00000000 00:00 0 
7f1444021000-7f1448000000 ---p 00000000 00:00 0 
7f144c000000-7f144c021000 rw-p 00000000 00:00 0 
7f144c021000-7f1450000000 ---p 00000000 00:00 0 
7f1452000000-7f1454000000 rw-p 00000000 00:00 0 
7f1454000000-7f1454021000 rw-p 00000000 00:00 0 
7f1454021000-7f1458000000 ---p 00000000 00:00 0 
7f1458770000-7f1458771000 ---p 00000000 00:00 0 
7f1458771000-7f1458871000 rw-p 00000000 00:00 0                          [stack:7843]
7f1458871000-7f1458874000 ---p 00000000 00:00 0 
7f1458874000-7f1458972000 rw-p 00000000 00:00 0                          [stack:7842]
7f1458972000-7f1458975000 ---p 00000000 00:00 0 
7f1458975000-7f1458a73000 rw-p 00000000 00:00 0                          [stack:7841]
7f1458a73000-7f1458a76000 ---p 00000000 00:00 0 
7f1458a76000-7f1458b74000 rw-p 00000000 00:00 0                          [stack:7840]
7f1458b74000-7f1458b77000 ---p 00000000 00:00 0 
7f1458b77000-7f1458c75000 rw-p 00000000 00:00 0                          [stack:7839]
7f1458c75000-7f1458c78000 ---p 00000000 00:00 0 
7f1458c78000-7f1458d76000 rw-p 00000000 00:00 0                          [stack:7838]
7f1458d76000-7f1458eff000 r--p 00000000 08:03 758757                     /usr/lib/locale/locale-archive
7f1458eff000-7f1458f02000 ---p 00000000 00:00 0 
7f1458f02000-7f1459000000 rw-p 00000000 00:00 0                          [stack:7837]
7f1459000000-7f1459740000 rwxp 00000000 00:00 0 
7f1459740000-7f1468000000 ---p 00000000 00:00 0 
7f1468000000-7f14683bd000 rw-p 00000000 00:00 0 
7f14683bd000-7f146c000000 ---p 00000000 00:00 0 
7f146c0ce000-7f146c0d1000 ---p 00000000 00:00 0 
7f146c0d1000-7f146c1cf000 rw-p 00000000 00:00 0                          [stack:7836]
7f146c1cf000-7f146c1d0000 ---p 00000000 00:00 0 
7f146c1d0000-7f146d2b2000 rw-p 00000000 00:00 0                          [stack:7835]
7f146d2b2000-7f146d48b000 r--s 03d09000 08:03 755108                     /usr/lib/jvm/java-8-jdk/jre/lib/rt.jar
7f146d48b000-7f146db81000 rw-p 00000000 00:00 0 
7f146db81000-7f146dd01000 ---p 00000000 00:00 0 
7f146dd01000-7f146df01000 rw-p 00000000 00:00 0 
7f146df01000-7f146df02000 ---p 00000000 00:00 0 
7f146df02000-7f146e002000 rw-p 00000000 00:00 0                          [stack:7834]
7f146e002000-7f146e003000 ---p 00000000 00:00 0 
7f146e003000-7f146e103000 rw-p 00000000 00:00 0                          [stack:7833]
7f146e103000-7f146e104000 ---p 00000000 00:00 0 
7f146e104000-7f146e204000 rw-p 00000000 00:00 0                          [stack:7832]
7f146e204000-7f146e205000 ---p 00000000 00:00 0 
7f146e205000-7f146e31a000 rw-p 00000000 00:00 0                          [stack:7831]
7f146e31a000-7f146e45b000 ---p 00000000 00:00 0 
7f146e45b000-7f146e470000 rw-p 00000000 00:00 0 
7f146e470000-7f146e5b0000 ---p 00000000 00:00 0 
7f146e5b0000-7f146e5c3000 rw-p 00000000 00:00 0 
7f146e5c3000-7f146e65b000 ---p 00000000 00:00 0 
7f146e65b000-7f146e679000 rw-p 00000000 00:00 0 
7f146e679000-7f146ea1c000 ---p 00000000 00:00 0 
7f146ea1c000-7f146ea36000 r-xp 00000000 08:03 755220                     /usr/lib/jvm/java-8-jdk/jre/lib/amd64/libzip.so
7f146ea36000-7f146ec36000 ---p 0001a000 08:03 755220                     /usr/lib/jvm/java-8-jdk/jre/lib/amd64/libzip.so
7f146ec36000-7f146ec37000 rw-p 0001a000 08:03 755220                     /usr/lib/jvm/java-8-jdk/jre/lib/amd64/libzip.so
7f146ec37000-7f146ec42000 r-xp 00000000 08:03 660024                     /usr/lib/libnss_files-2.21.so
7f146ec42000-7f146ee42000 ---p 0000b000 08:03 660024                     /usr/lib/libnss_files-2.21.so
7f146ee42000-7f146ee43000 r--p 0000b000 08:03 660024                     /usr/lib/libnss_files-2.21.so
7f146ee43000-7f146ee44000 rw-p 0000c000 08:03 660024                     /usr/lib/libnss_files-2.21.so
7f146ee44000-7f146ee6e000 r-xp 00000000 08:03 755227                     /usr/lib/jvm/java-8-jdk/jre/lib/amd64/libjava.so
7f146ee6e000-7f146f06e000 ---p 0002a000 08:03 755227                     /usr/lib/jvm/java-8-jdk/jre/lib/amd64/libjava.so
7f146f06e000-7f146f070000 rw-p 0002a000 08:03 755227                     /usr/lib/jvm/java-8-jdk/jre/lib/amd64/libjava.so
7f146f070000-7f146f07d000 r-xp 00000000 08:03 755187                     /usr/lib/jvm/java-8-jdk/jre/lib/amd64/libverify.so
7f146f07d000-7f146f27d000 ---p 0000d000 08:03 755187                     /usr/lib/jvm/java-8-jdk/jre/lib/amd64/libverify.so
7f146f27d000-7f146f27f000 rw-p 0000d000 08:03 755187                     /usr/lib/jvm/java-8-jdk/jre/lib/amd64/libverify.so
7f146f27f000-7f146f286000 r-xp 00000000 08:03 660712                     /usr/lib/librt-2.21.so
7f146f286000-7f146f485000 ---p 00007000 08:03 660712                     /usr/lib/librt-2.21.so
7f146f485000-7f146f486000 r--p 00006000 08:03 660712                     /usr/lib/librt-2.21.so
7f146f486000-7f146f487000 rw-p 00007000 08:03 660712                     /usr/lib/librt-2.21.so
7f146f487000-7f146f58a000 r-xp 00000000 08:03 660753                     /usr/lib/libm-2.21.so
7f146f58a000-7f146f789000 ---p 00103000 08:03 660753                     /usr/lib/libm-2.21.so
7f146f789000-7f146f78a000 r--p 00102000 08:03 660753                     /usr/lib/libm-2.21.so
7f146f78a000-7f146f78b000 rw-p 00103000 08:03 660753                     /usr/lib/libm-2.21.so
7f146f78b000-7f1470439000 r-xp 00000000 08:03 755234                     /usr/lib/jvm/java-8-jdk/jre/lib/amd64/server/libjvm.so
7f1470439000-7f1470638000 ---p 00cae000 08:03 755234                     /usr/lib/jvm/java-8-jdk/jre/lib/amd64/server/libjvm.so
7f1470638000-7f147070f000 rw-p 00cad000 08:03 755234                     /usr/lib/jvm/java-8-jdk/jre/lib/amd64/server/libjvm.so
7f147070f000-7f1470753000 rw-p 00000000 00:00 0 
7f1470753000-7f14708ec000 r-xp 00000000 08:03 660673                     /usr/lib/libc-2.21.so
7f14708ec000-7f1470aeb000 ---p 00199000 08:03 660673                     /usr/lib/libc-2.21.so
7f1470aeb000-7f1470aef000 r--p 00198000 08:03 660673                     /usr/lib/libc-2.21.so
7f1470aef000-7f1470af1000 rw-p 0019c000 08:03 660673                     /usr/lib/libc-2.21.so
7f1470af1000-7f1470af5000 rw-p 00000000 00:00 0 
7f1470af5000-7f1470af8000 r-xp 00000000 08:03 660725                     /usr/lib/libdl-2.21.so
7f1470af8000-7f1470cf7000 ---p 00003000 08:03 660725                     /usr/lib/libdl-2.21.so
7f1470cf7000-7f1470cf8000 r--p 00002000 08:03 660725                     /usr/lib/libdl-2.21.so
7f1470cf8000-7f1470cf9000 rw-p 00003000 08:03 660725                     /usr/lib/libdl-2.21.so
7f1470cf9000-7f1470d0e000 r-xp 00000000 08:03 755233                     /usr/lib/jvm/java-8-jdk/jre/lib/amd64/jli/libjli.so
7f1470d0e000-7f1470f0e000 ---p 00015000 08:03 755233                     /usr/lib/jvm/java-8-jdk/jre/lib/amd64/jli/libjli.so
7f1470f0e000-7f1470f0f000 rw-p 00015000 08:03 755233                     /usr/lib/jvm/java-8-jdk/jre/lib/amd64/jli/libjli.so
7f1470f0f000-7f1470f27000 r-xp 00000000 08:03 660711                     /usr/lib/libpthread-2.21.so
7f1470f27000-7f1471126000 ---p 00018000 08:03 660711                     /usr/lib/libpthread-2.21.so
7f1471126000-7f1471127000 r--p 00017000 08:03 660711                     /usr/lib/libpthread-2.21.so
7f1471127000-7f1471128000 rw-p 00018000 08:03 660711                     /usr/lib/libpthread-2.21.so
7f1471128000-7f147112c000 rw-p 00000000 00:00 0 
7f147112c000-7f147114e000 r-xp 00000000 08:03 660749                     /usr/lib/ld-2.21.so
7f1471165000-7f1471209000 rw-p 00000000 00:00 0 
7f1471209000-7f147120c000 ---p 00000000 00:00 0 
7f147120c000-7f147130e000 rw-p 00000000 00:00 0                          [stack:7830]
7f147131f000-7f147132e000 r--s 000dd000 08:02 263011                     /home/jk/android-sdk-linux/build-tools/22.0.1/lib/dx.jar
7f147132e000-7f1471342000 rw-p 00000000 00:00 0 
7f1471342000-7f147134a000 rw-s 00000000 00:1e 119619                     /tmp/hsperfdata_jk/7825
7f147134a000-7f147134b000 rw-p 00000000 00:00 0 
7f147134b000-7f147134c000 ---p 00000000 00:00 0 
7f147134c000-7f147134d000 rw-p 00000000 00:00 0 
7f147134d000-7f147134e000 r--p 00021000 08:03 660749                     /usr/lib/ld-2.21.so
7f147134e000-7f147134f000 rw-p 00022000 08:03 660749                     /usr/lib/ld-2.21.so
7f147134f000-7f1471350000 rw-p 00000000 00:00 0 
7ffd63733000-7ffd63754000 rw-p 00000000 00:00 0                          [stack]
7ffd637e1000-7ffd637e3000 r--p 00000000 00:00 0                          [vvar]
7ffd637e3000-7ffd637e5000 r-xp 00000000 00:00 0                          [vdso]
ffffffffff600000-ffffffffff601000 r-xp 00000000 00:00 0                  [vsyscall]

VM Arguments:
jvm_args: -Xmx1024M -Dfile.encoding=UTF-8 -Duser.country=US -Duser.language=en -Duser.variant 
java_command: com.android.dx.command.Main --dex --output /home/jk/AndroidStudioProjects/RechargeApp/app/build/intermediates/pre-dexed/debug/internal_impl-22.2.0-91d26dd023bdc3ec33d158e1bed0c460d29cb187.jar /home/jk/AndroidStudioProjects/RechargeApp/app/build/intermediates/exploded-aar/com.android.support/support-v4/22.2.0/libs/internal_impl-22.2.0.jar
java_class_path (initial): /home/jk/android-sdk-linux/build-tools/22.0.1/lib/dx.jar
Launcher Type: SUN_STANDARD

Environment Variables:
PATH=/usr/local/sbin:/usr/local/bin:/usr/bin:/opt/cuda/bin:/usr/lib/jvm/default/bin:/usr/bin/site_perl:/usr/bin/vendor_perl:/usr/bin/core_perl
LD_LIBRARY_PATH=/opt/android-studio/bin:
SHELL=/bin/bash
DISPLAY=:0.0

Signal Handlers:
SIGSEGV: [libjvm.so+0xaad1e0], sa_mask[0]=11111111011111111101111111111110, sa_flags=SA_RESTART|SA_SIGINFO
SIGBUS: [libjvm.so+0xaad1e0], sa_mask[0]=11111111011111111101111111111110, sa_flags=SA_RESTART|SA_SIGINFO
SIGFPE: [libjvm.so+0x90b450], sa_mask[0]=11111111011111111101111111111110, sa_flags=SA_RESTART|SA_SIGINFO
SIGPIPE: [libjvm.so+0x90b450], sa_mask[0]=11111111011111111101111111111110, sa_flags=SA_RESTART|SA_SIGINFO
SIGXFSZ: [libjvm.so+0x90b450], sa_mask[0]=11111111011111111101111111111110, sa_flags=SA_RESTART|SA_SIGINFO
SIGILL: [libjvm.so+0x90b450], sa_mask[0]=11111111011111111101111111111110, sa_flags=SA_RESTART|SA_SIGINFO
SIGUSR1: SIG_DFL, sa_mask[0]=00000000000000000000000000000000, sa_flags=none
SIGUSR2: [libjvm.so+0x90ca90], sa_mask[0]=00100000000000000000000000000000, sa_flags=SA_RESTART|SA_SIGINFO
SIGHUP: [libjvm.so+0x90dde0], sa_mask[0]=11111111011111111101111111111110, sa_flags=SA_RESTART|SA_SIGINFO
SIGINT: [libjvm.so+0x90dde0], sa_mask[0]=11111111011111111101111111111110, sa_flags=SA_RESTART|SA_SIGINFO
SIGTERM: [libjvm.so+0x90dde0], sa_mask[0]=11111111011111111101111111111110, sa_flags=SA_RESTART|SA_SIGINFO
SIGQUIT: [libjvm.so+0x90dde0], sa_mask[0]=11111111011111111101111111111110, sa_flags=SA_RESTART|SA_SIGINFO


---------------  S Y S T E M  ---------------

OS:LSB_VERSION=1.4
DISTRIB_ID=Arch
DISTRIB_RELEASE=rolling
DISTRIB_DESCRIPTION="Arch Linux"

uname:Linux 4.0.4-2-ARCH #1 SMP PREEMPT Fri May 22 03:05:23 UTC 2015 x86_64
libc:glibc 2.21 NPTL 2.21 
rlimit: STACK 8192k, CORE 0k, NPROC 15605, NOFILE 4096, AS infinity
load average:9.06 2.82 1.61

/proc/meminfo:
MemTotal:        4000320 kB
MemFree:          106952 kB
MemAvailable:      75932 kB
Buffers:            1628 kB
Cached:           129948 kB
SwapCached:            0 kB
Active:          3589004 kB
Inactive:          98036 kB
Active(anon):    3563560 kB
Inactive(anon):    41476 kB
Active(file):      25444 kB
Inactive(file):    56560 kB
Unevictable:       15672 kB
Mlocked:           15672 kB
SwapTotal:             0 kB
SwapFree:              0 kB
Dirty:              1276 kB
Writeback:          1216 kB
AnonPages:       3571144 kB
Mapped:           138884 kB
Shmem:             43328 kB
Slab:              52252 kB
SReclaimable:      24880 kB
SUnreclaim:        27372 kB
KernelStack:        7520 kB
PageTables:        30552 kB
NFS_Unstable:          0 kB
Bounce:                0 kB
WritebackTmp:          0 kB
CommitLimit:     2000160 kB
Committed_AS:    6002560 kB
VmallocTotal:   34359738367 kB
VmallocUsed:      149976 kB
VmallocChunk:   34359572476 kB
HardwareCorrupted:     0 kB
AnonHugePages:    931840 kB
HugePages_Total:       0
HugePages_Free:        0
HugePages_Rsvd:        0
HugePages_Surp:        0
Hugepagesize:       2048 kB
DirectMap4k:      165416 kB
DirectMap2M:     3977216 kB


CPU:total 4 (4 cores per cpu, 1 threads per core) family 6 model 42 stepping 7, cmov, cx8, fxsr, mmx, sse, sse2, sse3, ssse3, sse4.1, sse4.2, popcnt, avx, aes, clmul, tsc, tscinvbit

/proc/cpuinfo:
processor	: 0
vendor_id	: GenuineIntel
cpu family	: 6
model		: 42
model name	: Intel(R) Core(TM) i5-2400 CPU @ 3.10GHz
stepping	: 7
microcode	: 0x28
cpu MHz		: 1676.179
cache size	: 6144 KB
physical id	: 0
siblings	: 4
core id		: 0
cpu cores	: 4
apicid		: 0
initial apicid	: 0
fpu		: yes
fpu_exception	: yes
cpuid level	: 13
wp		: yes
flags		: fpu vme de pse tsc msr pae mce cx8 apic sep mtrr pge mca cmov pat pse36 clflush dts acpi mmx fxsr sse sse2 ss ht tm pbe syscall nx rdtscp lm constant_tsc arch_perfmon pebs bts rep_good nopl xtopology nonstop_tsc aperfmperf eagerfpu pni pclmulqdq dtes64 monitor ds_cpl vmx smx est tm2 ssse3 cx16 xtpr pdcm pcid sse4_1 sse4_2 x2apic popcnt tsc_deadline_timer aes xsave avx lahf_lm ida arat epb pln pts dtherm tpr_shadow vnmi flexpriority ept vpid xsaveopt
bugs		:
bogomips	: 6188.37
clflush size	: 64
cache_alignment	: 64
address sizes	: 36 bits physical, 48 bits virtual
power management:

processor	: 1
vendor_id	: GenuineIntel
cpu family	: 6
model		: 42
model name	: Intel(R) Core(TM) i5-2400 CPU @ 3.10GHz
stepping	: 7
microcode	: 0x28
cpu MHz		: 1604.128
cache size	: 6144 KB
physical id	: 0
siblings	: 4
core id		: 1
cpu cores	: 4
apicid		: 2
initial apicid	: 2
fpu		: yes
fpu_exception	: yes
cpuid level	: 13
wp		: yes
flags		: fpu vme de pse tsc msr pae mce cx8 apic sep mtrr pge mca cmov pat pse36 clflush dts acpi mmx fxsr sse sse2 ss ht tm pbe syscall nx rdtscp lm constant_tsc arch_perfmon pebs bts rep_good nopl xtopology nonstop_tsc aperfmperf eagerfpu pni pclmulqdq dtes64 monitor ds_cpl vmx smx est tm2 ssse3 cx16 xtpr pdcm pcid sse4_1 sse4_2 x2apic popcnt tsc_deadline_timer aes xsave avx lahf_lm ida arat epb pln pts dtherm tpr_shadow vnmi flexpriority ept vpid xsaveopt
bugs		:
bogomips	: 6188.37
clflush size	: 64
cache_alignment	: 64
address sizes	: 36 bits physical, 48 bits virtual
power management:

processor	: 2
vendor_id	: GenuineIntel
cpu family	: 6
model		: 42
model name	: Intel(R) Core(TM) i5-2400 CPU @ 3.10GHz
stepping	: 7
microcode	: 0x28
cpu MHz		: 1660.921
cache size	: 6144 KB
physical id	: 0
siblings	: 4
core id		: 2
cpu cores	: 4
apicid		: 4
initial apicid	: 4
fpu		: yes
fpu_exception	: yes
cpuid level	: 13
wp		: yes
flags		: fpu vme de pse tsc msr pae mce cx8 apic sep mtrr pge mca cmov pat pse36 clflush dts acpi mmx fxsr sse sse2 ss ht tm pbe syscall nx rdtscp lm constant_tsc arch_perfmon pebs bts rep_good nopl xtopology nonstop_tsc aperfmperf eagerfpu pni pclmulqdq dtes64 monitor ds_cpl vmx smx est tm2 ssse3 cx16 xtpr pdcm pcid sse4_1 sse4_2 x2apic popcnt tsc_deadline_timer aes xsave avx lahf_lm ida arat epb pln pts dtherm tpr_shadow vnmi flexpriority ept vpid xsaveopt
bugs		:
bogomips	: 6188.37
clflush size	: 64
cache_alignment	: 64
address sizes	: 36 bits physical, 48 bits virtual
power management:

processor	: 3
vendor_id	: GenuineIntel
cpu family	: 6
model		: 42
model name	: Intel(R) Core(TM) i5-2400 CPU @ 3.10GHz
stepping	: 7
microcode	: 0x28
cpu MHz		: 1607.882
cache size	: 6144 KB
physical id	: 0
siblings	: 4
core id		: 3
cpu cores	: 4
apicid		: 6
initial apicid	: 6
fpu		: yes
fpu_exception	: yes
cpuid level	: 13
wp		: yes
flags		: fpu vme de pse tsc msr pae mce cx8 apic sep mtrr pge mca cmov pat pse36 clflush dts acpi mmx fxsr sse sse2 ss ht tm pbe syscall nx rdtscp lm constant_tsc arch_perfmon pebs bts rep_good nopl xtopology nonstop_tsc aperfmperf eagerfpu pni pclmulqdq dtes64 monitor ds_cpl vmx smx est tm2 ssse3 cx16 xtpr pdcm pcid sse4_1 sse4_2 x2apic popcnt tsc_deadline_timer aes xsave avx lahf_lm ida arat epb pln pts dtherm tpr_shadow vnmi flexpriority ept vpid xsaveopt
bugs		:
bogomips	: 6188.37
clflush size	: 64
cache_alignment	: 64
address sizes	: 36 bits physical, 48 bits virtual
power management:



Memory: 4k page, physical 4000320k(106952k free), swap 0k(0k free)

vm_info: Java HotSpot(TM) 64-Bit Server VM (25.45-b02) for linux-amd64 JRE (1.8.0_45-b14), built on Apr 10 2015 10:07:45 by "java_re" with gcc 4.3.0 20080428 (Red Hat 4.3.0-8)

time: Mon Jun  1 22:27:31 2015
elapsed time: 29 seconds (0d 0h 0m 29s)

